{"total": {"lines":{"total":365,"covered":359,"skipped":0,"pct":98.35},"statements":{"total":385,"covered":377,"skipped":0,"pct":97.92},"functions":{"total":81,"covered":80,"skipped":0,"pct":98.76},"branches":{"total":150,"covered":131,"skipped":0,"pct":87.33},"branchesTrue":{"total":0,"covered":0,"skipped":0,"pct":100}}
,"C:\\language\\mdpolish\\polish-timer\\App.tsx": {"lines":{"total":33,"covered":33,"skipped":0,"pct":100},"functions":{"total":11,"covered":11,"skipped":0,"pct":100},"statements":{"total":35,"covered":35,"skipped":0,"pct":100},"branches":{"total":8,"covered":8,"skipped":0,"pct":100}}
,"C:\\language\\mdpolish\\polish-timer\\src\\components\\Controls.tsx": {"lines":{"total":15,"covered":15,"skipped":0,"pct":100},"functions":{"total":5,"covered":5,"skipped":0,"pct":100},"statements":{"total":15,"covered":15,"skipped":0,"pct":100},"branches":{"total":6,"covered":6,"skipped":0,"pct":100}}
,"C:\\language\\mdpolish\\polish-timer\\src\\components\\ProgressRing.tsx": {"lines":{"total":9,"covered":9,"skipped":0,"pct":100},"functions":{"total":2,"covered":2,"skipped":0,"pct":100},"statements":{"total":9,"covered":9,"skipped":0,"pct":100},"branches":{"total":1,"covered":0,"skipped":0,"pct":0}}
,"C:\\language\\mdpolish\\polish-timer\\src\\components\\Settings.tsx": {"lines":{"total":28,"covered":28,"skipped":0,"pct":100},"functions":{"total":8,"covered":8,"skipped":0,"pct":100},"statements":{"total":28,"covered":28,"skipped":0,"pct":100},"branches":{"total":6,"covered":4,"skipped":0,"pct":66.66}}
,"C:\\language\\mdpolish\\polish-timer\\src\\components\\Stats.tsx": {"lines":{"total":13,"covered":12,"skipped":0,"pct":92.3},"functions":{"total":2,"covered":2,"skipped":0,"pct":100},"statements":{"total":13,"covered":12,"skipped":0,"pct":92.3},"branches":{"total":10,"covered":7,"skipped":0,"pct":70}}
,"C:\\language\\mdpolish\\polish-timer\\src\\components\\Timer.tsx": {"lines":{"total":33,"covered":33,"skipped":0,"pct":100},"functions":{"total":7,"covered":7,"skipped":0,"pct":100},"statements":{"total":38,"covered":38,"skipped":0,"pct":100},"branches":{"total":25,"covered":25,"skipped":0,"pct":100}}
,"C:\\language\\mdpolish\\polish-timer\\src\\hooks\\useConfig.ts": {"lines":{"total":26,"covered":26,"skipped":0,"pct":100},"functions":{"total":5,"covered":5,"skipped":0,"pct":100},"statements":{"total":26,"covered":26,"skipped":0,"pct":100},"branches":{"total":2,"covered":2,"skipped":0,"pct":100}}
,"C:\\language\\mdpolish\\polish-timer\\src\\hooks\\useSession.ts": {"lines":{"total":39,"covered":39,"skipped":0,"pct":100},"functions":{"total":7,"covered":7,"skipped":0,"pct":100},"statements":{"total":39,"covered":39,"skipped":0,"pct":100},"branches":{"total":6,"covered":6,"skipped":0,"pct":100}}
,"C:\\language\\mdpolish\\polish-timer\\src\\hooks\\useStorage.ts": {"lines":{"total":34,"covered":34,"skipped":0,"pct":100},"functions":{"total":5,"covered":5,"skipped":0,"pct":100},"statements":{"total":34,"covered":34,"skipped":0,"pct":100},"branches":{"total":8,"covered":8,"skipped":0,"pct":100}}
,"C:\\language\\mdpolish\\polish-timer\\src\\hooks\\useTimer.ts": {"lines":{"total":52,"covered":52,"skipped":0,"pct":100},"functions":{"total":16,"covered":16,"skipped":0,"pct":100},"statements":{"total":62,"covered":61,"skipped":0,"pct":98.38},"branches":{"total":24,"covered":21,"skipped":0,"pct":87.5}}
,"C:\\language\\mdpolish\\polish-timer\\src\\utils\\notifications.ts": {"lines":{"total":47,"covered":42,"skipped":0,"pct":89.36},"functions":{"total":8,"covered":7,"skipped":0,"pct":87.5},"statements":{"total":50,"covered":44,"skipped":0,"pct":88},"branches":{"total":32,"covered":22,"skipped":0,"pct":68.75}}
,"C:\\language\\mdpolish\\polish-timer\\src\\utils\\storage.ts": {"lines":{"total":36,"covered":36,"skipped":0,"pct":100},"functions":{"total":5,"covered":5,"skipped":0,"pct":100},"statements":{"total":36,"covered":36,"skipped":0,"pct":100},"branches":{"total":22,"covered":22,"skipped":0,"pct":100}}
}
